<?xml version="1.0" encoding="UTF-8"?>
<testng-results ignored="0" total="2" passed="2" failed="0" skipped="0">
  <reporter-output>
  </reporter-output>
  <suite started-at="2025-04-24T11:51:41 IST" name="Default suite" finished-at="2025-04-24T11:51:41 IST" duration-ms="47">
    <groups>
    </groups>
    <test started-at="2025-04-24T11:51:41 IST" name="Default test" finished-at="2025-04-24T11:51:41 IST" duration-ms="47">
      <class name="prem.Apptest">
        <test-method signature="testlogin1()[pri:0, instance:prem.Apptest@290222c1]" started-at="2025-04-24T11:51:41 IST" name="testlogin1" finished-at="2025-04-24T11:51:41 IST" duration-ms="16" status="PASS">
          <reporter-output>
          </reporter-output>
        </test-method> <!-- testlogin1 -->
        <test-method signature="testlogin2()[pri:0, instance:prem.Apptest@290222c1]" started-at="2025-04-24T11:51:41 IST" name="testlogin2" finished-at="2025-04-24T11:51:41 IST" duration-ms="1" status="PASS">
          <reporter-output>
          </reporter-output>
        </test-method> <!-- testlogin2 -->
      </class> <!-- prem.Apptest -->
    </test> <!-- Default test -->
  </suite> <!-- Default suite -->
</testng-results>
